0 info it worked if it ends with ok
1 verbose cli [ '/Users/maximilianmessing/.nvm/versions/node/v6.2.0/bin/node',
1 verbose cli   '/Users/maximilianmessing/.nvm/versions/node/v6.2.0/bin/npm',
1 verbose cli   'start' ]
2 info using npm@3.8.9
3 info using node@v6.2.0
4 verbose run-script [ 'prestart', 'start', 'poststart' ]
5 info lifecycle trivia-app@0.1.0~prestart: trivia-app@0.1.0
6 silly lifecycle trivia-app@0.1.0~prestart: no script for prestart, continuing
7 info lifecycle trivia-app@0.1.0~start: trivia-app@0.1.0
8 verbose lifecycle trivia-app@0.1.0~start: unsafe-perm in lifecycle true
9 verbose lifecycle trivia-app@0.1.0~start: PATH: /Users/maximilianmessing/.nvm/versions/node/v6.2.0/lib/node_modules/npm/bin/node-gyp-bin:/Users/maximilianmessing/Development/learning/UDACITY/projects/02_trivia_api/frontend/node_modules/.bin:/Users/maximilianmessing/.nvm/versions/node/v6.2.0/bin:/Users/maximilianmessing/.rvm/gems/ruby-2.3.3@evopark/bin:/Users/maximilianmessing/.rvm/gems/ruby-2.3.3@global/bin:/Users/maximilianmessing/.rvm/rubies/ruby-2.3.3/bin:/Users/maximilianmessing/.local/bin:/Users/maximilianmessing/.nvm/versions/node/v6.2.0/bin:/usr/local/bin:/usr/bin:/bin:/usr/sbin:/sbin:/opt/X11/bin:/Users/maximilianmessing/.rvm/gems/ruby-2.3.3@evopark/bin:/Users/maximilianmessing/.rvm/gems/ruby-2.3.3@global/bin:/Users/maximilianmessing/.rvm/rubies/ruby-2.3.3/bin:/Users/maximilianmessing/.local/bin:/Users/maximilianmessing/.nvm/versions/node/v6.2.0/bin:/Users/maximilianmessing/.rvm/gems/ruby-2.1.7@evopark/bin:/Users/maximilianmessing/.rvm/gems/ruby-2.1.7@global/bin:/Users/maximilianmessing/.rvm/rubies/ruby-2.1.7/bin:/Users/maximilianmessing/Library/Android/sdk/platform-tools:/Users/maximilianmessing/Library/Android/sdk/tools:/Users/maximilianmessing/.rvm/bin:/Users/maximilianmessing/Library/Python/3.7/bin:/usr/local/opt/fzf/bin:/Users/maximilianmessing/miniconda3/bin:/Users/maximilianmessing/.rvm/gems/ruby-2.1.7@evopark/bin:/Users/maximilianmessing/.rvm/gems/ruby-2.1.7@global/bin:/Users/maximilianmessing/.rvm/rubies/ruby-2.1.7/bin:/Users/maximilianmessing/Library/Android/sdk/platform-tools:/usr/local/bin:/usr/bin:/bin:/usr/sbin:/sbin:/Users/maximilianmessing/Library/Android/sdk/tools:/Users/maximilianmessing/.rvm/bin:/Users/maximilianmessing/Library/Python/3.7/bin:/Users/maximilianmessing/.rvm/bin:/Users/maximilianmessing/miniconda3/bin:/usr/local/bin:/usr/bin:/bin:/usr/sbin:/sbin:/opt/X11/bin:/Users/maximilianmessing/.rvm/gems/ruby-2.3.3@evopark/bin:/Users/maximilianmessing/.rvm/gems/ruby-2.3.3@global/bin:/Users/maximilianmessing/.rvm/rubies/ruby-2.3.3/bin:/Users/maximilianmessing/.local/bin:/Users/maximilianmessing/.nvm/versions/node/v6.2.0/bin:/Users/maximilianmessing/.rvm/gems/ruby-2.1.7@evopark/bin:/Users/maximilianmessing/.rvm/gems/ruby-2.1.7@global/bin:/Users/maximilianmessing/.rvm/rubies/ruby-2.1.7/bin:/Users/maximilianmessing/Library/Android/sdk/platform-tools:/Users/maximilianmessing/Library/Android/sdk/tools:/Users/maximilianmessing/.rvm/bin:/Users/maximilianmessing/Library/Python/3.7/bin:/usr/local/opt/fzf/bin:/Users/maximilianmessing/miniconda3/bin:/Users/maximilianmessing/.rvm/gems/ruby-2.1.7@evopark/bin:/Users/maximilianmessing/.rvm/gems/ruby-2.1.7@global/bin:/Users/maximilianmessing/.rvm/rubies/ruby-2.1.7/bin:/Users/maximilianmessing/Library/Android/sdk/platform-tools:/usr/local/bin:/usr/bin:/bin:/usr/sbin:/sbin:/Users/maximilianmessing/Library/Android/sdk/tools:/Users/maximilianmessing/.rvm/bin:/Users/maximilianmessing/Library/Python/3.7/bin:/Users/maximilianmessing/.rvm/bin
10 verbose lifecycle trivia-app@0.1.0~start: CWD: /Users/maximilianmessing/Development/learning/UDACITY/projects/02_trivia_api/frontend
11 silly lifecycle trivia-app@0.1.0~start: Args: [ '-c', 'node node_modules/react-scripts/scripts/start.js' ]
12 silly lifecycle trivia-app@0.1.0~start: Returned: code: 1  signal: null
13 info lifecycle trivia-app@0.1.0~start: Failed to exec start script
14 verbose stack Error: trivia-app@0.1.0 start: `node node_modules/react-scripts/scripts/start.js`
14 verbose stack Exit status 1
14 verbose stack     at EventEmitter.<anonymous> (/Users/maximilianmessing/.nvm/versions/node/v6.2.0/lib/node_modules/npm/lib/utils/lifecycle.js:245:16)
14 verbose stack     at emitTwo (events.js:106:13)
14 verbose stack     at EventEmitter.emit (events.js:191:7)
14 verbose stack     at ChildProcess.<anonymous> (/Users/maximilianmessing/.nvm/versions/node/v6.2.0/lib/node_modules/npm/lib/utils/spawn.js:24:14)
14 verbose stack     at emitTwo (events.js:106:13)
14 verbose stack     at ChildProcess.emit (events.js:191:7)
14 verbose stack     at maybeClose (internal/child_process.js:850:16)
14 verbose stack     at Process.ChildProcess._handle.onexit (internal/child_process.js:215:5)
15 verbose pkgid trivia-app@0.1.0
16 verbose cwd /Users/maximilianmessing/Development/learning/UDACITY/projects/02_trivia_api/frontend
17 error Darwin 19.3.0
18 error argv "/Users/maximilianmessing/.nvm/versions/node/v6.2.0/bin/node" "/Users/maximilianmessing/.nvm/versions/node/v6.2.0/bin/npm" "start"
19 error node v6.2.0
20 error npm  v3.8.9
21 error code ELIFECYCLE
22 error trivia-app@0.1.0 start: `node node_modules/react-scripts/scripts/start.js`
22 error Exit status 1
23 error Failed at the trivia-app@0.1.0 start script 'node node_modules/react-scripts/scripts/start.js'.
23 error Make sure you have the latest version of node.js and npm installed.
23 error If you do, this is most likely a problem with the trivia-app package,
23 error not with npm itself.
23 error Tell the author that this fails on your system:
23 error     node node_modules/react-scripts/scripts/start.js
23 error You can get information on how to open an issue for this project with:
23 error     npm bugs trivia-app
23 error Or if that isn't available, you can get their info via:
23 error     npm owner ls trivia-app
23 error There is likely additional logging output above.
24 verbose exit [ 1, true ]
